make all --print-data-base --no-builtin-variables --no-builtin-rules --question
# GNU Make 3.81
# Copyright (C) 2006  Free Software Foundation, Inc.
# This is free software; see the source for copying conditions.
# There is NO warranty; not even for MERCHANTABILITY or FITNESS FOR A
# PARTICULAR PURPOSE.

# This program built for i386-apple-darwin11.3.0
 
make: *** No rule to make target `all'.  Stop.


# Make data base, printed on Thu Jun  2 01:27:16 2022

# Variables

# automatic
<D = $(patsubst %/,%,$(dir $<))
# automatic
?F = $(notdir $?)
# environment
ELECTRON_NO_ATTACH_CONSOLE = 1
# environment
VSCODE_LOG_NATIVE = false
# environment
NVM_INC = /Users/mohammedabuelmaali/.nvm/versions/node/v16.15.0/include/node
# automatic
?D = $(patsubst %/,%,$(dir $?))
# automatic
@D = $(patsubst %/,%,$(dir $@))
# automatic
@F = $(notdir $@)
# makefile
CURDIR := /Users/mohammedabuelmaali/web3/go-sdk
# makefile
SHELL = /bin/sh
# environment
VSCODE_NLS_CONFIG = {"locale":"en-us","availableLanguages":{},"_languagePackSupport":true}
# environment
_ = /usr/bin/make
# environment
WALLABY_PRODUCTION = true
# makefile (from `Makefile', line 1)
MAKEFILE_LIST :=  Makefile
# environment
VSCODE_AMD_ENTRYPOINT = vs/workbench/api/node/extensionHostProcess
# environment
VSCODE_VERBOSE_LOGGING = true
# environment
__CFBundleIdentifier = com.microsoft.VSCode
# environment
P9K_SSH = 0
# environment
VSCODE_IPC_HOOK_EXTHOST = /var/folders/n_/nt3v2wh154q3vg13cwdx0_280000gn/T/vscode-ipc-5c0c41a0-2d93-4f68-95a2-3caa83f78878.sock
# environment
MallocSpaceEfficient = 0
# environment
VSCODE_CWD = /Users/mohammedabuelmaali/web3/go-sdk
# environment
GOPROXY = https://proxy.golang.org,direct
# environment
PATH = /Users/mohammedabuelmaali/Library/pnpm:/Users/mohammedabuelmaali/.nvm/versions/node/v16.15.0/bin:/usr/local/opt/openssl@3/bin:/usr/local/bin:/usr/bin:/bin:/usr/sbin:/sbin:/usr/local/go/bin:/Library/Apple/usr/bin:/Users/mohammedabuelmaali/.cargo/bin:/Users/mohammedabuelmaali/.fig/bin:/Users/mohammedabuelmaali/.local/bin:/Users/mohammedabuelmaali/.foundry/bin
# environment
LSCOLORS = Gxfxcxdxbxegedabagacad
# environment
PNPM_HOME = /Users/mohammedabuelmaali/Library/pnpm
# environment
GOPATH = /Users/mohammedabuelmaali/go
# environment
NVM_BIN = /Users/mohammedabuelmaali/.nvm/versions/node/v16.15.0/bin
# environment
VSCODE_LOG_STACK = false
# environment
ELECTRON_RUN_AS_NODE = 1
# default
.FEATURES := target-specific order-only second-expansion else-if archives jobserver check-symlink
# environment
SSH_AUTH_SOCK = /private/tmp/com.apple.launchd.ZSQq1FgxZ3/Listeners
# automatic
%F = $(notdir $%)
# environment
TTY = not a tty
# environment
VSCODE_PIPE_LOGGING = true
# environment
FIG_PID = 38038
# environment
PWD = /Users/mohammedabuelmaali/web3/go-sdk
# environment
ORIGINAL_XDG_CURRENT_DESKTOP = undefined
# environment
GOMODCACHE = /Users/mohammedabuelmaali/go/pkg/mod
# environment
HOME = /Users/mohammedabuelmaali
# default
MAKEFILEPATH := /Applications/Xcode.app/Contents/Developer/Makefiles
# environment
VSCODE_CLI = 1
# environment
VSCODE_CODE_CACHE_PATH = /Users/mohammedabuelmaali/Library/Application Support/Code/CachedData/c3511e6c69bb39013c4a4b7b9566ec1ca73fc4d5
# environment
LOGNAME = mohammedabuelmaali
# environment
APPLICATION_INSIGHTS_NO_DIAGNOSTIC_CHANNEL = 1
# environment
NVM_CD_FLAGS = -q
# environment
ZSH = /Users/mohammedabuelmaali/.oh-my-zsh
# environment
VSCODE_HANDLES_UNCAUGHT_ERRORS = true
# automatic
^D = $(patsubst %/,%,$(dir $^))
# environment
XPC_FLAGS = 0x0
# environment
COLORTERM = truecolor
# default
MAKE = $(MAKE_COMMAND)
# environment
LC_TERMINAL = iTerm2
# environment
SHLVL = 3
# environment
FIG_TERM = 1
# default
MAKE_VERSION := 3.81
# environment
USER = mohammedabuelmaali
# environment
FIG_TERM_VERSION = 4.4.0
# default
MAKECMDGOALS := all
# environment
TERM_SESSION_ID = w0t1p0:425C2627-8109-4C5E-B244-9382F7629BFA
# environment
LESS = -R
# automatic
%D = $(patsubst %/,%,$(dir $%))
# environment
FIG_INTEGRATION_VERSION = 8
# default
MAKE_COMMAND := /Applications/Xcode.app/Contents/Developer/usr/bin/make
# environment
TERM_PROGRAM = iTerm.app
# default
.VARIABLES := 
# environment
TMPDIR = /var/folders/n_/nt3v2wh154q3vg13cwdx0_280000gn/T/
# automatic
*F = $(notdir $*)
# environment
VSCODE_IPC_HOOK = /Users/mohammedabuelmaali/Library/Application Support/Code/1.67.2-main.sock
# environment
MallocNanoZone = 0
# makefile
MAKEFLAGS = Rrqp
# environment
MFLAGS = -Rrqp
# automatic
*D = $(patsubst %/,%,$(dir $*))
# environment
TERM_PROGRAM_VERSION = 3.4.15
# environment
NVM_DIR = /Users/mohammedabuelmaali/.nvm
# environment
XPC_SERVICE_NAME = application.com.microsoft.VSCode.39663529.39663535.E5901483-FF4B-4E5A-8CAE-00B77EED290B
# environment
LC_TERMINAL_VERSION = 3.4.15
# automatic
+D = $(patsubst %/,%,$(dir $+))
# automatic
+F = $(notdir $+)
# environment
ITERM_SESSION_ID = w0t1p0:425C2627-8109-4C5E-B244-9382F7629BFA
# environment
COLORFGBG = 15;0
# environment
__CF_USER_TEXT_ENCODING = 0x1F5:0x0:0x0
# environment
COMMAND_MODE = unix2003
# default
MAKEFILES := 
# automatic
<F = $(notdir $<)
# environment
ITERM_PROFILE = Default
# environment
PAGER = less
# environment
LC_ALL = C
# environment
P9K_TTY = old
# automatic
^F = $(notdir $^)
# default
SUFFIXES := 
# default
.INCLUDE_DIRS = /usr/local/include
# environment
MAKELEVEL := 0
# makefile
.DEFAULT_GOAL := abi
# environment
LANG = C
# environment
TERM = xterm-256color
# environment
_P9K_TTY = not a tty
# environment
VSCODE_PID = 16309
# variable set hash-table stats:
# Load=97/1024=9%, Rehash=0, Collisions=7/121=6%

# Pattern-specific Variable Values

# No pattern-specific variable values.

# Directories

# . (device 16777233, inode 41941876): 18 files, no impossibilities.

# 18 files, no impossibilities in 1 directories.

# Implicit Rules

# No implicit rules.

# Files

# Not a target:
all:
#  Command-line target.
#  Implicit rule search has been done.
#  File does not exist.
#  File has not been updated.
# variable set hash-table stats:
# Load=0/32=0%, Rehash=0, Collisions=0/0=0%

FORCE:
#  Implicit rule search has not been done.
#  Modification time never checked.
#  File has not been updated.
#  commands to execute (from `Makefile', line 113):
	

.PHONY: abi test docs publish
#  Implicit rule search has not been done.
#  Modification time never checked.
#  File has not been updated.

test-nft-write:
#  Implicit rule search has not been done.
#  Modification time never checked.
#  File has not been updated.
#  commands to execute (from `Makefile', line 34):
	./bin/thirdweb nft mint -a ${GO_NFT_COLLECTION} -k ${GO_PRIVATE_KEY} -u ${GO_ALCHEMY_RPC}
	./bin/thirdweb nft mintLink -a ${GO_NFT_COLLECTION} -k ${GO_PRIVATE_KEY} -u ${GO_ALCHEMY_RPC}
	

test-edition-sigmint:
#  Implicit rule search has not been done.
#  Modification time never checked.
#  File has not been updated.
#  commands to execute (from `Makefile', line 48):
	./bin/thirdweb edition sigmint -a ${GO_EDITION} -k ${GO_PRIVATE_KEY} -u ${GO_ALCHEMY_RPC}
	./bin/thirdweb edition sigmint-tokenid -a ${GO_EDITION} -k ${GO_PRIVATE_KEY} -u ${GO_ALCHEMY_RPC}
	

test-nft-read:
#  Implicit rule search has not been done.
#  Modification time never checked.
#  File has not been updated.
#  commands to execute (from `Makefile', line 30):
	./bin/thirdweb nft getAll -a ${GO_NFT_COLLECTION} -k ${GO_PRIVATE_KEY} -u ${GO_ALCHEMY_RPC}
	./bin/thirdweb nft getOwned -a ${GO_NFT_COLLECTION} -k ${GO_PRIVATE_KEY} -u ${GO_ALCHEMY_RPC}
	

# Not a target:
.SUFFIXES:
#  Implicit rule search has not been done.
#  Modification time never checked.
#  File has not been updated.

# Not a target:
Makefile:
#  Implicit rule search has been done.
#  Last modified 2022-06-02 01:26:10
#  File has been updated.
#  Successfully updated.
# variable set hash-table stats:
# Load=0/32=0%, Rehash=0, Collisions=0/0=0%

test-edition-write:
#  Implicit rule search has not been done.
#  Modification time never checked.
#  File has not been updated.
#  commands to execute (from `Makefile', line 45):
	./bin/thirdweb edition mint -a ${GO_EDITION} -k ${GO_PRIVATE_KEY} -u ${GO_ALCHEMY_RPC}
	

test:
#  Phony target (prerequisite of .PHONY).
#  Implicit rule search has not been done.
#  File does not exist.
#  File has not been updated.
#  commands to execute (from `Makefile', line 90):
	make cmd
	make test-nft-read
	make test-nft-write
	make test-edition-read
	make test-edition-write
	make test-token-read
	make test-token-write
	make test-drop-read
	make test-drop-write
	make test-edition-drop-read
	make test-edition-drop-write
	make test-multiwrap-read
	make test-multiwrap-write
 
	make test-storage
	

test-edition-read:
#  Implicit rule search has not been done.
#  Modification time never checked.
#  File has not been updated.
#  commands to execute (from `Makefile', line 41):
	./bin/thirdweb edition getAll -a ${GO_EDITION} -k ${GO_PRIVATE_KEY} -u ${GO_ALCHEMY_RPC}
	./bin/thirdweb edition getOwned -a ${GO_EDITION} -k ${GO_PRIVATE_KEY} -u ${GO_ALCHEMY_RPC}
	

test-storage:
#  Implicit rule search has not been done.
#  Modification time never checked.
#  File has not been updated.
#  commands to execute (from `Makefile', line 81):
	./bin/thirdweb storage upload
	./bin/thirdweb storage uploadBatch
	./bin/thirdweb storage uploadImage
	./bin/thirdweb storage uploadImageLink
	

test-custom:
#  Implicit rule search has not been done.
#  Modification time never checked.
#  File has not been updated.
#  commands to execute (from `Makefile', line 87):
	./bin/thirdweb custom set -a ${GO_CUSTOM} -k ${GO_PRIVATE_KEY} -u ${GO_ALCHEMY_RPC}
	

abi:
#  Phony target (prerequisite of .PHONY).
#  Implicit rule search has not been done.
#  File does not exist.
#  File has not been updated.
#  commands to execute (from `Makefile', line 4):
	abigen --alias contractURI=internalContractURI --pkg abi --abi internal/json/TokenERC20.json --out internal/abi/token_erc20.go --type TokenERC20
	abigen --alias contractURI=internalContractURI --pkg abi --abi internal/json/TokenERC721.json --out internal/abi/token_erc721.go --type TokenERC721
	abigen --alias contractURI=internalContractURI --pkg abi --abi internal/json/TokenERC1155.json --out internal/abi/token_erc1155.go --type TokenERC1155
	# If you want to generate drop contracts, you'll have to delete a struct
	# abigen --alias contractURI=internalContractURI --pkg abi --abi internal/json/DropERC721.json --out internal/abi/drop_erc721.go --type DropERC721
	# abigen --alias contractURI=internalContractURI --pkg abi --abi internal/json/DropERC1155.json --out internal/abi/drop_erc1155.go --type DropERC1155
	abigen --alias contractURI=internalContractURI --pkg abi --abi internal/json/Multiwrap.json --out internal/abi/multiwrap.go --type Multiwrap
	abigen --alias contractURI=internalContractURI --pkg abi --abi internal/json/IERC20.json --out internal/abi/ierc20.go --type IERC20
	abigen --alias contractURI=internalContractURI --pkg abi --abi internal/json/IERC721.json --out internal/abi/ierc721.go --type IERC721
	abigen --alias contractURI=internalContractURI --pkg abi --abi internal/json/IERC1155.json --out internal/abi/ierc1155.go --type IERC1155
	abigen --alias contractURI=internalContractURI --pkg abi --abi internal/json/IERC165.json --out internal/abi/ierc165.go --type IERC165
	

test-edition-drop-write:
#  Implicit rule search has not been done.
#  Modification time never checked.
#  File has not been updated.
#  commands to execute (from `Makefile', line 77):
	./bin/thirdweb editiondrop createBatch -a ${GO_EDITION_DROP} -k ${GO_PRIVATE_KEY} -u ${GO_ALCHEMY_RPC}
	./bin/thirdweb editiondrop claim -a ${GO_EDITION_DROP} -k ${GO_PRIVATE_KEY} -u ${GO_ALCHEMY_RPC}
	

test-edition-drop-read:
#  Implicit rule search has not been done.
#  Modification time never checked.
#  File has not been updated.
#  commands to execute (from `Makefile', line 74):
	./bin/thirdweb editiondrop getAll -a ${GO_EDITION_DROP} -k ${GO_PRIVATE_KEY} -u ${GO_ALCHEMY_RPC}
	

# Not a target:
.DEFAULT:
#  Implicit rule search has not been done.
#  Modification time never checked.
#  File has not been updated.

publish:
#  Phony target (prerequisite of .PHONY).
#  Implicit rule search has not been done.
#  File does not exist.
#  File has not been updated.
#  commands to execute (from `Makefile', line 106):
	# Make sure to pass the TAG variable to this command ex: `make publish TAG=v2.0.0`
	# Publish following https://go.dev/doc/modules/publishing
	go mod tidy
	git tag $(TAG)
	git push origin $(TAG)
	GOPROXY=proxy.golang.org go list -m github.com/thirdweb-dev/go-sdk@$(TAG)
	

test-multiwrap-write:
#  Implicit rule search has not been done.
#  Modification time never checked.
#  File has not been updated.
#  commands to execute (from `Makefile', line 63):
	./bin/thirdweb multiwrap wrap -a ${GO_MULTIWRAP} -k ${GO_PRIVATE_KEY} -u ${GO_ALCHEMY_RPC} -n ${GO_NFT_COLLECTION} -e ${GO_EDITION} -t ${GO_TOKEN}
	./bin/thirdweb multiwrap unwrap -a ${GO_MULTIWRAP} -k ${GO_PRIVATE_KEY} -u ${GO_ALCHEMY_RPC}
	

test-token-write:
#  Implicit rule search has not been done.
#  Modification time never checked.
#  File has not been updated.
#  commands to execute (from `Makefile', line 55):
	./bin/thirdweb token mint -a ${GO_TOKEN} -k ${GO_PRIVATE_KEY} -u ${GO_ALCHEMY_RPC}
	./bin/thirdweb token mintBatch -a ${GO_TOKEN} -k ${GO_PRIVATE_KEY} -u ${GO_ALCHEMY_RPC}
	

docs:
#  Phony target (prerequisite of .PHONY).
#  Implicit rule search has not been done.
#  File does not exist.
#  File has not been updated.
#  commands to execute (from `Makefile', line 19):
	rm -rf docs
	mkdir docs
	gomarkdoc --output docs/doc.md --repository.default-branch main ./thirdweb
	node ./scripts/generate-docs.mjs
	rm ./docs/doc.md ./docs/start.md ./docs/finish.md
	node ./scripts/generate-snippets.mjs
	

test-multiwrap-read:
#  Implicit rule search has not been done.
#  Modification time never checked.
#  File has not been updated.
#  commands to execute (from `Makefile', line 59):
	./bin/thirdweb multiwrap getAll -a ${GO_MULTIWRAP} -k ${GO_PRIVATE_KEY} -u ${GO_ALCHEMY_RPC}
	# ./bin/thirdweb multiwrap getContents -a ${GO_MULTIWRAP} -k ${GO_PRIVATE_KEY} -u ${GO_ALCHEMY_RPC}
	

cmd: FORCE
#  Implicit rule search has not been done.
#  Modification time never checked.
#  File has not been updated.
#  commands to execute (from `Makefile', line 27):
	cd cmd/thirdweb && go build -o ../../bin/thirdweb && cd -
	

test-token-read:
#  Implicit rule search has not been done.
#  Modification time never checked.
#  File has not been updated.
#  commands to execute (from `Makefile', line 52):
	./bin/thirdweb token get -a ${GO_TOKEN} -k ${GO_PRIVATE_KEY} -u ${GO_ALCHEMY_RPC}
	

test-drop-write:
#  Implicit rule search has not been done.
#  Modification time never checked.
#  File has not been updated.
#  commands to execute (from `Makefile', line 70):
	./bin/thirdweb nftdrop createBatch -a ${GO_NFT_DROP} -k ${GO_PRIVATE_KEY} -u ${GO_ALCHEMY_RPC}
	./bin/thirdweb nftdrop claim -a ${GO_NFT_DROP} -k ${GO_PRIVATE_KEY} -u ${GO_ALCHEMY_RPC}
	

test-drop-read:
#  Implicit rule search has not been done.
#  Modification time never checked.
#  File has not been updated.
#  commands to execute (from `Makefile', line 67):
	./bin/thirdweb nftdrop getAll -a ${GO_NFT_DROP} -k ${GO_PRIVATE_KEY} -u ${GO_ALCHEMY_RPC}
	

test-nft-sigmint:
#  Implicit rule search has not been done.
#  Modification time never checked.
#  File has not been updated.
#  commands to execute (from `Makefile', line 38):
	./bin/thirdweb nft sigmint -a ${GO_NFT_COLLECTION} -k ${GO_PRIVATE_KEY} -u ${GO_ALCHEMY_RPC}
	

# files hash-table stats:
# Load=27/1024=3%, Rehash=0, Collisions=0/44=0%
# VPATH Search Paths

# No `vpath' search paths.

# No general (`VPATH' variable) search path.

# # of strings in strcache: 1
# # of strcache buffers: 1
# strcache size: total = 4096 / max = 4096 / min = 4096 / avg = 4096
# strcache free: total = 4087 / max = 4087 / min = 4087 / avg = 4087

# Finished Make data base on Thu Jun  2 01:27:16 2022

 
